TN:
SF:/Users/ruchirmehta/Documents/GitHub/foo-app-front/webpage/src/polyfills.ts
FNF:0
FNH:0
DA:46,1
DA:74,1
LF:2
LH:2
BRF:0
BRH:0
end_of_record
TN:
SF:/Users/ruchirmehta/Documents/GitHub/foo-app-front/webpage/src/test.ts
FNF:0
FNH:0
DA:3,1
DA:4,1
DA:5,1
DA:13,1
DA:18,1
DA:20,1
LF:6
LH:6
BRF:0
BRH:0
end_of_record
TN:
SF:/Users/ruchirmehta/Documents/GitHub/foo-app-front/webpage/src/app/api.service.ts
FN:6,(anonymous_2)
FN:8,ApiService
FNF:2
FNH:2
FNDA:1,(anonymous_2)
FNDA:1,ApiService
DA:1,1
DA:6,1
DA:9,1
LF:3
LH:3
BRF:0
BRH:0
end_of_record
TN:
SF:/Users/ruchirmehta/Documents/GitHub/foo-app-front/webpage/src/app/app-header/app-header.component.ts
FN:8,(anonymous_2)
FNF:1
FNH:1
FNDA:2,(anonymous_2)
DA:1,1
DA:8,1
DA:9,1
DA:10,1
LF:4
LH:4
BRF:0
BRH:0
end_of_record
TN:
SF:/Users/ruchirmehta/Documents/GitHub/foo-app-front/webpage/src/app/banner/banner.component.ts
FN:11,(anonymous_1)
FN:7,BannerComponent
FN:14,(anonymous_3)
FNF:3
FNH:3
FNDA:1,(anonymous_1)
FNDA:2,BannerComponent
FNDA:1,(anonymous_3)
DA:1,1
DA:11,1
DA:12,2
DA:14,1
DA:15,1
DA:17,1
LF:6
LH:6
BRF:0
BRH:0
end_of_record
TN:
SF:/Users/ruchirmehta/Documents/GitHub/foo-app-front/webpage/src/app/login/login.component.ts
FN:14,(anonymous_2)
FN:19,LoginComponent
FN:25,(anonymous_4)
FN:32,(anonymous_5)
FN:46,(anonymous_6)
FN:56,(anonymous_7)
FN:63,(anonymous_8)
FNF:7
FNH:3
FNDA:1,(anonymous_2)
FNDA:1,LoginComponent
FNDA:0,(anonymous_4)
FNDA:0,(anonymous_5)
FNDA:0,(anonymous_6)
FNDA:1,(anonymous_7)
FNDA:0,(anonymous_8)
DA:1,1
DA:2,1
DA:3,1
DA:4,1
DA:7,1
DA:14,1
DA:17,1
DA:18,1
DA:19,1
DA:20,1
DA:21,1
DA:22,1
DA:25,1
DA:26,0
DA:27,0
DA:28,0
DA:30,0
DA:32,0
DA:35,0
DA:36,0
DA:39,0
DA:41,0
DA:42,0
DA:43,0
DA:47,0
DA:48,0
DA:52,0
DA:56,1
DA:57,1
DA:63,1
DA:64,0
DA:68,1
LF:32
LH:17
BRDA:27,0,0,0
BRDA:27,0,1,0
BRDA:30,1,0,0
BRDA:30,1,1,0
BRDA:30,2,0,0
BRDA:30,2,1,0
BRF:6
BRH:0
end_of_record
TN:
SF:/Users/ruchirmehta/Documents/GitHub/foo-app-front/webpage/src/app/request-travel/request-travel.component.ts
FN:8,(anonymous_2)
FN:10,RequestTravelComponent
FN:12,(anonymous_4)
FNF:3
FNH:3
FNDA:1,(anonymous_2)
FNDA:1,RequestTravelComponent
FNDA:1,(anonymous_4)
DA:1,1
DA:8,1
DA:12,1
DA:15,1
LF:4
LH:4
BRF:0
BRH:0
end_of_record
TN:
SF:/Users/ruchirmehta/Documents/GitHub/foo-app-front/webpage/src/app/service/auth.service.ts
FN:9,(anonymous_2)
FN:10,AuthenticationService
FN:15,(anonymous_4)
FN:32,(anonymous_5)
FNF:4
FNH:2
FNDA:1,(anonymous_2)
FNDA:1,AuthenticationService
FNDA:0,(anonymous_4)
FNDA:0,(anonymous_5)
DA:1,1
DA:2,1
DA:4,1
DA:5,1
DA:9,1
DA:10,1
DA:11,1
DA:13,1
DA:15,1
DA:19,0
DA:20,0
DA:23,0
DA:24,0
DA:25,0
DA:26,0
DA:29,0
DA:34,0
DA:40,0
DA:43,1
LF:19
LH:10
BRDA:25,0,0,0
BRDA:25,0,1,0
BRF:2
BRH:0
end_of_record
TN:
SF:/Users/ruchirmehta/Documents/GitHub/foo-app-front/webpage/src/environments/environment.ts
FNF:0
FNH:0
DA:5,1
LF:1
LH:1
BRF:0
BRH:0
end_of_record
